2025-10-24 00:58:39 - INFO - System - Criado usuário administrador padrão: 
2025-10-24 00:58:39 - INFO - System - MODEL_LOADED: Modelo: modelos/best.pt
2025-10-24 00:58:39 - INFO - System - APP_CONTROLLER_INITIALIZED: 
2025-10-24 00:58:39 - INFO - System - APP_INITIALIZED: Aplicação iniciada com sucesso
2025-10-24 00:58:39 - INFO - System - APP_STARTING: Iniciando loop principal da aplicação
2025-10-24 20:50:58 - INFO - System - Criado usuário administrador padrão: 
2025-10-24 20:50:58 - INFO - System - MODEL_LOADED: Modelo: modelos/best.pt
2025-10-24 20:50:58 - INFO - System - APP_CONTROLLER_INITIALIZED: 
2025-10-24 20:50:58 - INFO - System - APP_INITIALIZED: Aplicação iniciada com sucesso
2025-10-24 20:50:58 - INFO - System - APP_STARTING: Iniciando loop principal da aplicação
2025-10-24 20:55:58 - INFO - System - APP_CLOSING: Aplicação sendo encerrada
2025-10-24 20:55:58 - INFO - System - APP_SHUTDOWN: 
2025-10-24 20:55:58 - INFO - System - APP_CLOSED: Aplicação encerrada com sucesso
2025-10-24 21:19:29 - INFO - System - Criado usuário administrador padrão: 
2025-10-24 21:19:29 - INFO - System - MODEL_LOADED: Modelo: modelos/best.pt
2025-10-24 21:19:29 - INFO - System - APP_CONTROLLER_INITIALIZED: 
2025-10-24 21:19:29 - INFO - System - APP_INITIALIZED: Aplicação iniciada com sucesso
2025-10-24 21:19:29 - INFO - System - APP_STARTING: Iniciando loop principal da aplicação
2025-10-24 21:27:06 - INFO - System - APP_INTERRUPTED: Aplicação interrompida pelo usuário
2025-10-24 21:27:16 - INFO - System - MODEL_LOADED: Modelo: modelos/best.pt
2025-10-24 21:27:16 - INFO - System - APP_CONTROLLER_INITIALIZED: 
2025-10-24 21:27:16 - INFO - System - APP_INITIALIZED: Aplicação iniciada com sucesso
2025-10-24 21:27:16 - INFO - System - APP_STARTING: Iniciando loop principal da aplicação
2025-10-24 21:53:56 - INFO - System - APP_INTERRUPTED: Aplicação interrompida pelo usuário
2025-10-24 23:39:16 - INFO - System - Criado usuário administrador padrão: 
2025-10-24 23:39:16 - INFO - System - MODEL_LOADED: Modelo: modelos/best.pt
2025-10-24 23:39:16 - INFO - System - APP_CONTROLLER_INITIALIZED: 
2025-10-24 23:39:17 - INFO - System - APP_INITIALIZED: Aplicação iniciada com sucesso
2025-10-24 23:39:17 - INFO - System - APP_STARTING: Iniciando loop principal da aplicação
2025-10-24 23:55:25 - INFO - System - APP_INTERRUPTED: Aplicação interrompida pelo usuário
