2025-10-25 00:09:08 - INFO - System - MODEL_LOADED: Modelo: modelos/best.pt
2025-10-25 00:09:08 - INFO - System - APP_CONTROLLER_INITIALIZED: 
2025-10-25 00:09:08 - INFO - System - APP_INITIALIZED: Aplicação iniciada com sucesso
2025-10-25 00:09:08 - INFO - System - APP_STARTING: Iniciando loop principal da aplicação
2025-10-25 00:17:52 - INFO - System - APP_CLOSING: Aplicação sendo encerrada
2025-10-25 00:17:52 - INFO - System - APP_SHUTDOWN: 
2025-10-25 00:17:52 - INFO - System - APP_SHUTDOWN: 
2025-10-25 00:17:52 - INFO - System - APP_CLOSED: Aplicação encerrada com sucesso
2025-10-25 00:17:59 - INFO - System - MODEL_LOADED: Modelo: modelos/best.pt
2025-10-25 00:17:59 - INFO - System - APP_CONTROLLER_INITIALIZED: 
2025-10-25 00:17:59 - INFO - System - APP_INITIALIZED: Aplicação iniciada com sucesso
2025-10-25 00:17:59 - INFO - System - APP_STARTING: Iniciando loop principal da aplicação
2025-10-25 00:20:15 - INFO - System - APP_INTERRUPTED: Aplicação interrompida pelo usuário
2025-10-25 00:20:21 - INFO - System - MODEL_LOADED: Modelo: modelos/best.pt
2025-10-25 00:20:21 - INFO - System - APP_CONTROLLER_INITIALIZED: 
2025-10-25 00:20:21 - INFO - System - APP_INITIALIZED: Aplicação iniciada com sucesso
2025-10-25 00:20:21 - INFO - System - APP_STARTING: Iniciando loop principal da aplicação
2025-10-25 00:24:36 - INFO - System - APP_CLOSING: Aplicação sendo encerrada
2025-10-25 00:24:36 - INFO - System - APP_SHUTDOWN: 
2025-10-25 00:24:36 - INFO - System - APP_SHUTDOWN: 
2025-10-25 00:24:36 - INFO - System - APP_CLOSED: Aplicação encerrada com sucesso
2025-10-25 00:46:03 - INFO - System - APP_CONTROLLER_INITIALIZED: 
2025-10-25 00:46:03 - INFO - System - APP_INITIALIZED: Aplicação iniciada com sucesso
2025-10-25 00:46:03 - INFO - System - APP_STARTING: Iniciando loop principal da aplicação
2025-10-25 00:46:42 - INFO - System - LOADING_MODEL_THREAD: Camera 2 no device privateuseone:0
2025-10-25 00:46:43 - INFO - System - MODEL_LOADED_THREAD: Camera 2
2025-10-25 00:50:17 - INFO - System - STOPPING_DETECTION: Camera ID: 2
2025-10-25 00:50:17 - INFO - System - CLEANING_RESOURCES: Camera ID: 2
2025-10-25 00:50:19 - INFO - System - LOADING_MODEL_THREAD: Camera 2 no device privateuseone:0
2025-10-25 00:50:19 - INFO - System - MODEL_LOADED_THREAD: Camera 2
2025-10-25 00:51:19 - INFO - System - APP_INTERRUPTED: Aplicação interrompida pelo usuário
2025-10-25 00:51:28 - INFO - System - APP_CONTROLLER_INITIALIZED: 
2025-10-25 00:51:28 - INFO - System - APP_INITIALIZED: Aplicação iniciada com sucesso
2025-10-25 00:51:28 - INFO - System - APP_STARTING: Iniciando loop principal da aplicação
2025-10-25 00:51:40 - INFO - System - LOADING_MODEL_THREAD: Camera 2 no device privateuseone:0
2025-10-25 00:51:40 - INFO - System - MODEL_LOADED_THREAD: Camera 2
2025-10-25 00:51:47 - INFO - System - CAMERA_CONNECTED: Camera ID: 2, Fonte: rtsp://admin:admin@192.168.0.5:554/1/4
2025-10-25 00:53:01 - INFO - System - STOPPING_DETECTION: Camera ID: 2
2025-10-25 00:53:03 - INFO - System - CLEANING_RESOURCES: Camera ID: 2
2025-10-25 00:53:03 - INFO - System - CLEANING_UP_CAMERA: Camera ID: 2
2025-10-25 00:53:03 - INFO - System - DETECTION_LOOP_ENDED: Camera ID: 2
2025-10-25 01:03:47 - INFO - System - APP_INTERRUPTED: Aplicação interrompida pelo usuário
2025-10-25 01:04:02 - INFO - System - APP_CONTROLLER_INITIALIZED: 
2025-10-25 01:04:02 - INFO - System - APP_INITIALIZED: Aplicação iniciada com sucesso
2025-10-25 01:04:02 - INFO - System - APP_STARTING: Iniciando loop principal da aplicação
2025-10-25 01:04:18 - INFO - System - LOADING_MODEL_THREAD: Camera 2 no device privateuseone:0
2025-10-25 01:04:19 - INFO - System - MODEL_LOADED_THREAD: Camera 2
2025-10-25 01:04:25 - INFO - System - CAMERA_CONNECTED: Camera ID: 2, Fonte: rtsp://admin:admin@192.168.0.5:554/1/4
2025-10-25 01:04:36 - INFO - System - STOPPING_DETECTION: Camera ID: 2
2025-10-25 01:04:38 - INFO - System - CLEANING_RESOURCES: Camera ID: 2
2025-10-25 01:04:39 - INFO - System - CLEANING_UP_CAMERA: Camera ID: 2
2025-10-25 01:04:39 - INFO - System - DETECTION_LOOP_ENDED: Camera ID: 2
2025-10-25 01:11:13 - INFO - System - APP_INTERRUPTED: Aplicação interrompida pelo usuário
2025-10-25 01:13:05 - INFO - System - APP_CONTROLLER_INITIALIZED: 
2025-10-25 01:13:05 - INFO - System - APP_INITIALIZED: Aplicação iniciada com sucesso
2025-10-25 01:13:05 - INFO - System - APP_STARTING: Iniciando loop principal da aplicação
2025-10-25 01:13:17 - INFO - System - LOADING_MODEL_THREAD: Camera 2 no device privateuseone:0
2025-10-25 01:13:17 - INFO - System - MODEL_LOADED_THREAD: Camera 2
2025-10-25 01:13:23 - INFO - System - CAMERA_CONNECTED: Camera ID: 2, Fonte: rtsp://admin:admin@192.168.0.5:554/1/4
2025-10-25 01:13:28 - INFO - System - STOPPING_DETECTION: Camera ID: 2
2025-10-25 01:13:30 - INFO - System - CLEANING_RESOURCES: Camera ID: 2
2025-10-25 01:13:30 - INFO - System - CLEANING_UP_CAMERA: Camera ID: 2
2025-10-25 01:13:30 - INFO - System - DETECTION_LOOP_ENDED: Camera ID: 2
2025-10-25 01:52:01 - INFO - System - APP_INTERRUPTED: Aplicação interrompida pelo usuário
2025-10-25 01:52:05 - INFO - System - APP_CONTROLLER_INITIALIZED: 
2025-10-25 01:53:56 - INFO - System - APP_CONTROLLER_INITIALIZED: 
2025-10-25 01:53:57 - INFO - System - APP_INITIALIZED: Aplicação iniciada com sucesso
2025-10-25 01:53:57 - INFO - System - APP_STARTING: Iniciando loop principal da aplicação
2025-10-25 02:03:44 - INFO - System - APP_CLOSING: Aplicação sendo encerrada
2025-10-25 02:03:44 - INFO - System - APP_SHUTDOWN: 
2025-10-25 02:03:44 - INFO - System - STOPPING_ALL_DETECTIONS: 
2025-10-25 02:03:44 - INFO - System - ALL_DETECTIONS_STOPPED: 
2025-10-25 02:03:44 - INFO - System - APP_SHUTDOWN: 
2025-10-25 02:03:44 - INFO - System - STOPPING_ALL_DETECTIONS: 
2025-10-25 02:03:44 - INFO - System - ALL_DETECTIONS_STOPPED: 
2025-10-25 02:03:44 - INFO - System - APP_CLOSED: Aplicação encerrada com sucesso
2025-10-25 02:03:53 - INFO - System - APP_CONTROLLER_INITIALIZED: 
2025-10-25 02:03:53 - INFO - System - APP_INITIALIZED: Aplicação iniciada com sucesso
2025-10-25 02:03:53 - INFO - System - APP_STARTING: Iniciando loop principal da aplicação
2025-10-25 02:05:09 - INFO - System - LOADING_MODEL_THREAD: Camera 2 no device privateuseone:0
2025-10-25 02:05:09 - INFO - System - MODEL_LOADED_THREAD: Camera 2
2025-10-25 02:05:22 - INFO - System - STOPPING_DETECTION: Camera ID: 2
2025-10-25 02:05:24 - INFO - System - CLEANING_RESOURCES: Camera ID: 2
2025-10-25 02:07:13 - INFO - System - CLEANING_UP_CAMERA: Camera ID: 2
2025-10-25 02:07:13 - INFO - System - DETECTION_LOOP_ENDED: Camera ID: 2
2025-10-25 02:14:55 - INFO - System - APP_INTERRUPTED: Aplicação interrompida pelo usuário
2025-10-25 02:15:04 - INFO - System - APP_CONTROLLER_INITIALIZED: 
2025-10-25 02:15:04 - INFO - System - APP_INITIALIZED: Aplicação iniciada com sucesso
2025-10-25 02:15:04 - INFO - System - APP_STARTING: Iniciando loop principal da aplicação
2025-10-25 02:15:18 - INFO - System - LOADING_MODEL_THREAD: Camera 2 no device privateuseone:0
2025-10-25 02:15:18 - INFO - System - MODEL_LOADED_THREAD: Camera 2
2025-10-25 02:15:24 - INFO - System - STOPPING_DETECTION: Camera ID: 2
2025-10-25 02:15:24 - INFO - System - CAMERA_CONNECTED: Camera ID: 2, Fonte: rtsp://admin:admin@192.168.0.5:554/1/4
2025-10-25 02:15:24 - INFO - System - CLEANING_UP_CAMERA: Camera ID: 2
2025-10-25 02:15:24 - INFO - System - DETECTION_LOOP_ENDED: Camera ID: 2
2025-10-25 02:15:24 - INFO - System - CLEANING_RESOURCES: Camera ID: 2
2025-10-25 02:21:20 - INFO - System - APP_INTERRUPTED: Aplicação interrompida pelo usuário
2025-10-25 02:21:24 - INFO - System - APP_CONTROLLER_INITIALIZED: 
2025-10-25 02:21:24 - INFO - System - APP_INITIALIZED: Aplicação iniciada com sucesso
2025-10-25 02:21:24 - INFO - System - APP_STARTING: Iniciando loop principal da aplicação
2025-10-25 02:21:36 - INFO - System - LOADING_MODEL_THREAD: Camera 2 no device privateuseone:0
2025-10-25 02:21:36 - INFO - System - MODEL_LOADED_THREAD: Camera 2
2025-10-25 02:21:42 - INFO - System - CAMERA_CONNECTED: Camera ID: 2, Fonte: rtsp://admin:admin@192.168.0.5:554/1/4
2025-10-25 02:21:59 - INFO - System - STOPPING_DETECTION: Camera ID: 2
2025-10-25 02:22:01 - INFO - System - CLEANING_RESOURCES: Camera ID: 2
2025-10-25 02:22:02 - INFO - System - CLEANING_UP_CAMERA: Camera ID: 2
2025-10-25 02:22:02 - INFO - System - DETECTION_LOOP_ENDED: Camera ID: 2
2025-10-25 02:53:39 - INFO - System - LOADING_MODEL_THREAD: Camera 2 no device privateuseone:0
2025-10-25 02:53:39 - INFO - System - MODEL_LOADED_THREAD: Camera 2
2025-10-25 02:53:46 - INFO - System - CAMERA_CONNECTED: Camera ID: 2, Fonte: rtsp://admin:admin@192.168.0.5:554/1/4
2025-10-25 02:54:00 - INFO - System - STOPPING_DETECTION: Camera ID: 2
2025-10-25 02:54:02 - INFO - System - CLEANING_RESOURCES: Camera ID: 2
2025-10-25 02:54:02 - INFO - System - CLEANING_UP_CAMERA: Camera ID: 2
2025-10-25 02:54:02 - INFO - System - DETECTION_LOOP_ENDED: Camera ID: 2
2025-10-25 02:54:06 - INFO - System - APP_CLOSING: Aplicação sendo encerrada
2025-10-25 02:54:06 - INFO - System - APP_SHUTDOWN: 
2025-10-25 02:54:06 - INFO - System - STOPPING_ALL_DETECTIONS: 
2025-10-25 02:54:06 - INFO - System - ALL_DETECTIONS_STOPPED: 
2025-10-25 02:54:06 - INFO - System - APP_SHUTDOWN: 
2025-10-25 02:54:06 - INFO - System - STOPPING_ALL_DETECTIONS: 
2025-10-25 02:54:06 - INFO - System - ALL_DETECTIONS_STOPPED: 
2025-10-25 02:54:06 - INFO - System - APP_CLOSED: Aplicação encerrada com sucesso
2025-10-25 14:00:19 - INFO - System - CONFIG_SAVED_SUCCESSFULLY: 
2025-10-25 14:00:19 - INFO - System - DEFAULT_CONFIG_CREATED: 
2025-10-25 14:00:27 - INFO - System - OPENVINO_MODEL_EXPORTED: 
2025-10-25 14:00:27 - INFO - System - DIRECTML_AVAILABLE: 
2025-10-25 14:00:27 - INFO - System - APPLICATION_STARTUP: 
2025-10-25 14:00:27 - INFO - System - Criado usuário administrador padrão: 
2025-10-25 14:00:27 - INFO - System - DETECTION_SERVICE_INITIALIZED_BACKEND_DIRECTML: 
2025-10-25 14:00:27 - INFO - System - APP_CONTROLLER_INITIALIZED: 
2025-10-25 14:00:28 - INFO - System - APPLICATION_INITIALIZED: 
2025-10-25 14:00:28 - INFO - System - APPLICATION_MAINLOOP_START: 
2025-10-25 14:06:19 - INFO - System - APPLICATION_INTERRUPTED: 
2025-10-25 14:07:07 - INFO - System - CONFIG_LOADED_SUCCESSFULLY: 
2025-10-25 14:07:07 - INFO - System - CONFIG_LOADED_SUCCESSFULLY: 
2025-10-25 14:10:31 - INFO - System - CONFIG_LOADED_SUCCESSFULLY: 
2025-10-25 14:21:17 - INFO - System - CONFIG_LOADED_SUCCESSFULLY: 
2025-10-25 14:21:17 - INFO - System - DIRECTML_AVAILABLE: 
2025-10-25 14:21:17 - INFO - System - APPLICATION_STARTUP: 
2025-10-25 14:21:17 - INFO - System - DETECTION_SERVICE_INITIALIZED_BACKEND_DIRECTML: 
2025-10-25 14:21:17 - INFO - System - APP_CONTROLLER_INITIALIZED: 
2025-10-25 14:21:17 - INFO - System - APPLICATION_FATAL_ERROR: DashboardView.__init__() missing 1 required positional argument: 'on_settings_click': 
2025-10-25 14:26:51 - INFO - System - CONFIG_LOADED_SUCCESSFULLY: 
2025-10-25 14:26:51 - INFO - System - DIRECTML_AVAILABLE: 
2025-10-25 14:26:51 - INFO - System - APPLICATION_STARTUP: 
2025-10-25 14:26:51 - INFO - System - DETECTION_SERVICE_INITIALIZED_BACKEND_DIRECTML: 
2025-10-25 14:26:51 - INFO - System - APP_CONTROLLER_INITIALIZED: 
2025-10-25 14:26:52 - INFO - System - APPLICATION_INITIALIZED: 
2025-10-25 14:26:52 - INFO - System - APPLICATION_MAINLOOP_START: 
2025-10-25 15:00:23 - INFO - System - APPLICATION_INTERRUPTED: 
2025-10-25 15:00:26 - INFO - System - CONFIG_LOADED_SUCCESSFULLY: 
2025-10-25 15:00:27 - INFO - System - DIRECTML_AVAILABLE: 
2025-10-25 15:00:27 - INFO - System - APPLICATION_STARTUP: 
2025-10-25 15:00:27 - INFO - System - DETECTION_SERVICE_INITIALIZED_BACKEND_DIRECTML: 
2025-10-25 15:00:27 - INFO - System - APP_CONTROLLER_INITIALIZED: 
2025-10-25 15:00:27 - INFO - System - APPLICATION_INITIALIZED: 
2025-10-25 15:00:27 - INFO - System - APPLICATION_MAINLOOP_START: 
2025-10-25 15:05:58 - INFO - System - APPLICATION_INTERRUPTED: 
2025-10-25 15:06:07 - INFO - System - CONFIG_LOADED_SUCCESSFULLY: 
2025-10-25 15:06:07 - INFO - System - DIRECTML_AVAILABLE: 
2025-10-25 15:06:07 - INFO - System - APPLICATION_STARTUP: 
2025-10-25 15:06:07 - INFO - System - DETECTION_SERVICE_INITIALIZED_BACKEND_DIRECTML: 
2025-10-25 15:06:07 - INFO - System - APP_CONTROLLER_INITIALIZED: 
2025-10-25 15:06:07 - INFO - System - APPLICATION_INITIALIZED: 
2025-10-25 15:06:07 - INFO - System - APPLICATION_MAINLOOP_START: 
2025-10-25 15:07:37 - INFO - System - DETECTION_STOPPED_CAMERA_2: 
2025-10-25 16:38:53 - INFO - System - APPLICATION_CLOSING: 
2025-10-25 16:38:55 - INFO - System - DETECTION_STOPPED_CAMERA_2: 
2025-10-25 16:38:55 - INFO - System - APP_SHUTDOWN: 
2025-10-25 16:38:55 - INFO - System - ALL_DETECTIONS_STOPPED: 
2025-10-25 16:38:55 - INFO - System - APP_SHUTDOWN: 
2025-10-25 16:38:55 - INFO - System - ALL_DETECTIONS_STOPPED: 
2025-10-25 16:38:55 - INFO - System - APPLICATION_CLOSED: 
2025-10-25 16:39:06 - INFO - System - CONFIG_LOADED_SUCCESSFULLY: 
2025-10-25 16:39:06 - INFO - System - DIRECTML_AVAILABLE: 
2025-10-25 16:39:06 - INFO - System - APPLICATION_STARTUP: 
2025-10-25 16:39:06 - INFO - System - DETECTION_SERVICE_INITIALIZED_BACKEND_DIRECTML: 
2025-10-25 16:39:06 - INFO - System - APP_CONTROLLER_INITIALIZED: 
2025-10-25 16:39:07 - INFO - System - APPLICATION_INITIALIZED: 
2025-10-25 16:39:07 - INFO - System - APPLICATION_MAINLOOP_START: 
2025-10-25 16:55:32 - INFO - System - APPLICATION_INTERRUPTED: 
2025-10-25 16:55:36 - INFO - System - CONFIG_LOADED_SUCCESSFULLY: 
2025-10-25 16:55:36 - INFO - System - DIRECTML_AVAILABLE: 
2025-10-25 16:55:36 - INFO - System - APPLICATION_STARTUP: 
2025-10-25 16:55:36 - INFO - System - DETECTION_SERVICE_INITIALIZED_BACKEND_DIRECTML: 
2025-10-25 16:55:36 - INFO - System - APP_CONTROLLER_INITIALIZED: 
2025-10-25 16:55:36 - INFO - System - APPLICATION_INITIALIZED: 
2025-10-25 16:55:36 - INFO - System - APPLICATION_MAINLOOP_START: 
2025-10-25 16:57:41 - INFO - System - DETECTION_STOPPED_CAMERA_3: 
2025-10-25 16:58:30 - INFO - System - DETECTION_STOPPED_CAMERA_3: 
2025-10-25 17:00:00 - INFO - System - DETECTION_STOPPED_CAMERA_3: 
2025-10-25 17:00:12 - INFO - System - APPLICATION_CLOSING: 
2025-10-25 17:00:15 - INFO - System - APP_SHUTDOWN: 
2025-10-25 17:00:15 - INFO - System - ALL_DETECTIONS_STOPPED: 
2025-10-25 17:00:15 - INFO - System - APP_SHUTDOWN: 
2025-10-25 17:00:15 - INFO - System - ALL_DETECTIONS_STOPPED: 
2025-10-25 17:00:15 - INFO - System - APPLICATION_CLOSED: 
2025-10-25 17:00:22 - INFO - System - CONFIG_LOADED_SUCCESSFULLY: 
2025-10-25 17:00:22 - INFO - System - DIRECTML_AVAILABLE: 
2025-10-25 17:00:22 - INFO - System - APPLICATION_STARTUP: 
2025-10-25 17:00:22 - INFO - System - DETECTION_SERVICE_INITIALIZED_BACKEND_DIRECTML: 
2025-10-25 17:00:22 - INFO - System - APP_CONTROLLER_INITIALIZED: 
2025-10-25 17:00:22 - INFO - System - APPLICATION_INITIALIZED: 
2025-10-25 17:00:22 - INFO - System - APPLICATION_MAINLOOP_START: 
2025-10-25 17:17:38 - INFO - System - APPLICATION_CLOSING: 
2025-10-25 17:17:38 - INFO - System - APP_SHUTDOWN: 
2025-10-25 17:17:38 - INFO - System - ALL_DETECTIONS_STOPPED: 
2025-10-25 17:17:38 - INFO - System - APP_SHUTDOWN: 
2025-10-25 17:17:38 - INFO - System - ALL_DETECTIONS_STOPPED: 
2025-10-25 17:17:38 - INFO - System - APPLICATION_CLOSED: 
2025-10-25 17:17:46 - INFO - System - CONFIG_LOADED_SUCCESSFULLY: 
2025-10-25 17:17:46 - INFO - System - DIRECTML_AVAILABLE: 
2025-10-25 17:17:46 - INFO - System - APPLICATION_STARTUP: 
2025-10-25 17:17:46 - INFO - System - DETECTION_SERVICE_INITIALIZED_BACKEND_DIRECTML: 
2025-10-25 17:17:46 - INFO - System - APP_CONTROLLER_INITIALIZED: 
2025-10-25 17:17:46 - INFO - System - APPLICATION_INITIALIZED: 
2025-10-25 17:17:46 - INFO - System - APPLICATION_MAINLOOP_START: 
2025-10-25 17:18:36 - INFO - System - STOPPING_DETECTION: Camera ID: 3: 3
2025-10-25 17:18:43 - INFO - System - DETECTION_STOPPED_CONFIRMED: Camera ID: 3: 3
2025-10-25 17:18:43 - INFO - System - DETECTION_THREAD_ENDED: Camera 3: 3
2025-10-25 17:32:51 - INFO - System - STOPPING_DETECTION: Camera ID: 3: 3
2025-10-25 17:32:58 - INFO - System - DETECTION_STOPPED_CONFIRMED: Camera ID: 3: 3
2025-10-25 17:32:58 - INFO - System - DETECTION_THREAD_ENDED: Camera 3: 3
2025-10-25 17:34:33 - INFO - System - CAMERA_REMOVED_SAVED: ID=2: 
2025-10-25 17:35:32 - INFO - System - APPLICATION_CLOSING: 
2025-10-25 17:35:35 - INFO - System - APP_SHUTDOWN: 
2025-10-25 17:35:35 - INFO - System - STOPPING_ALL_DETECTIONS: Cameras []: 
2025-10-25 17:35:35 - INFO - System - ALL_DETECTIONS_STOPPED_CONFIRMED: 
2025-10-25 17:35:35 - INFO - System - APP_SHUTDOWN: 
2025-10-25 17:35:35 - INFO - System - STOPPING_ALL_DETECTIONS: Cameras []: 
2025-10-25 17:35:35 - INFO - System - ALL_DETECTIONS_STOPPED_CONFIRMED: 
2025-10-25 17:35:35 - INFO - System - APPLICATION_CLOSED: 
