2025-10-26 00:24:35 - INFO - User 'gustavo' - LOGIN_SUCCESS: 
2025-10-26 00:24:35 - INFO - User 'gustavo' - LOGIN_SUCCESS: 
2025-10-26 00:25:04 - INFO - User 'gustavo' - LOGOUT: 
2025-10-26 00:31:20 - INFO - User 'gustavo' - LOGIN_SUCCESS: 
2025-10-26 00:31:20 - INFO - User 'gustavo' - LOGIN_SUCCESS: 
2025-10-26 00:31:24 - INFO - User 'gustavo' - DETECTION_STARTED_CAMERA_3_BACKEND_DirectML: 
2025-10-26 00:32:12 - INFO - User 'gustavo' - DETECTION_STARTED_CAMERA_4_BACKEND_DirectML: 
2025-10-26 00:33:46 - INFO - User 'gustavo' - DETECTION_STARTED_CAMERA_3_BACKEND_DirectML: 
2025-10-26 00:34:25 - INFO - User 'gustavo' - LOGOUT: 
2025-10-26 00:34:42 - INFO - User 'gustavo' - LOGIN_SUCCESS: 
2025-10-26 00:34:42 - INFO - User 'gustavo' - LOGIN_SUCCESS: 
2025-10-26 00:34:45 - INFO - User 'gustavo' - DETECTION_STARTED_CAMERA_3_BACKEND_DirectML: 
2025-10-26 00:38:41 - INFO - User 'gustavo' - LOGOUT: 
2025-10-26 00:39:02 - INFO - User 'gustavo' - LOGIN_SUCCESS: 
2025-10-26 00:39:02 - INFO - User 'gustavo' - LOGIN_SUCCESS: 
2025-10-26 00:39:16 - INFO - User 'gustavo' - DETECTION_STARTED_CAMERA_3_BACKEND_DirectML: 
2025-10-26 00:47:05 - INFO - User 'gustavo' - LOGIN_SUCCESS: 
2025-10-26 00:47:05 - INFO - User 'gustavo' - LOGIN_SUCCESS: 
2025-10-26 00:47:33 - INFO - User 'gustavo' - DETECTION_STARTED_CAMERA_3_BACKEND_OpenVINO: 
2025-10-26 00:52:04 - INFO - User 'gustavo' - DETECTION_STARTED_CAMERA_3_BACKEND_DirectML: 
2025-10-26 00:58:41 - INFO - User 'gustavo' - LOGIN_SUCCESS: 
2025-10-26 00:58:41 - INFO - User 'gustavo' - LOGIN_SUCCESS: 
2025-10-26 00:58:45 - INFO - User 'gustavo' - DETECTION_STARTED_CAMERA_3_BACKEND_DirectML: 
2025-10-26 00:59:32 - INFO - User 'gustavo' - DETECTION_STARTED_CAMERA_3_BACKEND_OpenVINO: 
2025-10-26 01:02:08 - INFO - User 'gustavo' - DETECTION_STARTED_CAMERA_3_BACKEND_OpenVINO: 
2025-10-26 01:07:57 - INFO - User 'gustavo' - LOGOUT: 
2025-10-26 01:39:07 - INFO - User 'gustavo' - LOGIN_SUCCESS: 
2025-10-26 01:39:07 - INFO - User 'gustavo' - LOGIN_SUCCESS: 
2025-10-26 01:39:26 - INFO - User 'gustavo' - START_DETECTION_REQUESTED: Cam=3, Type=Torta Normal: 
2025-10-26 01:41:40 - INFO - User 'gustavo' - LOGOUT_REQUESTED: 
2025-10-26 01:41:40 - INFO - User 'gustavo' - LOGOUT_COMPLETED: 
2025-10-26 01:42:01 - INFO - User 'gustavo' - LOGIN_SUCCESS: 
2025-10-26 01:42:01 - INFO - User 'gustavo' - LOGIN_SUCCESS: 
2025-10-26 01:42:07 - INFO - User 'gustavo' - START_DETECTION_REQUESTED: Cam=3, Type=Torta Normal: 
2025-10-26 01:54:47 - INFO - User 'gustavo' - LOGIN_SUCCESS: 
2025-10-26 01:54:47 - INFO - User 'gustavo' - LOGIN_SUCCESS: 
2025-10-26 01:54:51 - INFO - User 'gustavo' - START_DETECTION_REQUESTED: Cam=3, Type=Torta Normal: 
2025-10-26 01:54:51 - INFO - User 'gustavo' - DETECTION_STARTED_CAMERA_3_TYPE_Torta Normal_BACKEND_OpenVINO: 
2025-10-26 01:56:27 - INFO - User 'gustavo' - LOGOUT_REQUESTED: 
2025-10-26 01:56:27 - INFO - User 'gustavo' - LOGOUT_COMPLETED: 
2025-10-26 02:03:29 - INFO - User 'gustavo' - LOGIN_SUCCESS: 
2025-10-26 02:03:29 - INFO - User 'gustavo' - LOGIN_SUCCESS: 
2025-10-26 02:03:55 - INFO - User 'gustavo' - START_DETECTION_REQUESTED: Cam=3, Type=Torta Normal: 
2025-10-26 02:03:55 - INFO - User 'gustavo' - DETECTION_STARTED_CAMERA_3_TYPE_Torta Normal_BACKEND_DirectML: 
2025-10-26 02:09:35 - INFO - User 'gustavo' - LOGIN_SUCCESS: 
2025-10-26 02:09:35 - INFO - User 'gustavo' - LOGIN_SUCCESS: 
2025-10-26 02:09:41 - INFO - User 'gustavo' - START_DETECTION_REQUESTED: Cam=3, Type=Torta Normal: 
2025-10-26 02:09:41 - INFO - User 'gustavo' - DETECTION_STARTED_CAMERA_3_TYPE_Torta Normal_BACKEND_DirectML: 
2025-10-26 02:23:26 - INFO - User 'gustavo' - LOGIN_SUCCESS: 
2025-10-26 02:23:26 - INFO - User 'gustavo' - LOGIN_SUCCESS: 
2025-10-26 02:23:34 - INFO - User 'gustavo' - START_DETECTION_REQUESTED: Cam=3, Type=Torta Normal: 
2025-10-26 02:23:34 - INFO - User 'gustavo' - DETECTION_STARTED_CAMERA_3_TYPE_Torta Normal_BACKEND_DirectML: 
2025-10-26 02:24:38 - INFO - User 'gustavo' - START_DETECTION_REQUESTED: Cam=3, Type=Torta Normal: 
2025-10-26 02:24:38 - INFO - User 'gustavo' - DETECTION_STARTED_CAMERA_3_TYPE_Torta Normal_BACKEND_DirectML: 
2025-10-26 02:30:02 - INFO - User 'gustavo' - LOGIN_SUCCESS: 
2025-10-26 02:30:02 - INFO - User 'gustavo' - LOGIN_SUCCESS: 
2025-10-26 02:30:06 - INFO - User 'gustavo' - START_DETECTION_REQUESTED: Cam=3, Type=Torta Normal: 
2025-10-26 02:30:06 - INFO - User 'gustavo' - DETECTION_STARTED_CAMERA_3_TYPE_Torta Normal_BACKEND_OpenVINO: 
2025-10-26 02:41:50 - INFO - User 'gustavo' - LOGIN_SUCCESS: 
2025-10-26 02:41:50 - INFO - User 'gustavo' - LOGIN_SUCCESS: 
2025-10-26 02:42:10 - INFO - User 'gustavo' - START_DETECTION_REQUESTED: Cam=3, Type=Torta Normal: 
2025-10-26 02:42:10 - INFO - User 'gustavo' - DETECTION_STARTED_CAMERA_3_TYPE_Torta Normal_BACKEND_DirectML: 
2025-10-26 02:43:20 - INFO - User 'gustavo' - START_DETECTION_REQUESTED: Cam=3, Type=Torta Normal: 
2025-10-26 02:43:20 - INFO - User 'gustavo' - DETECTION_STARTED_CAMERA_3_TYPE_Torta Normal_BACKEND_OpenVINO: 
2025-10-26 02:44:10 - INFO - User 'gustavo' - START_DETECTION_REQUESTED: Cam=3, Type=Torta Normal: 
2025-10-26 02:44:10 - INFO - User 'gustavo' - DETECTION_STARTED_CAMERA_3_TYPE_Torta Normal_BACKEND_CPU: 
2025-10-26 02:46:28 - INFO - User 'gustavo' - START_DETECTION_REQUESTED: Cam=3, Type=Torta Moída: 
2025-10-26 02:46:28 - INFO - User 'gustavo' - DETECTION_STARTED_CAMERA_3_TYPE_Torta Moída_BACKEND_DirectML: 
2025-10-26 02:47:04 - INFO - User 'gustavo' - LOGOUT_REQUESTED: 
2025-10-26 02:47:04 - INFO - User 'gustavo' - LOGOUT_COMPLETED: 
2025-10-26 02:47:35 - INFO - User 'gustavo' - LOGIN_SUCCESS: 
2025-10-26 02:47:35 - INFO - User 'gustavo' - LOGIN_SUCCESS: 
2025-10-26 02:47:42 - INFO - User 'gustavo' - START_DETECTION_REQUESTED: Cam=3, Type=Torta Normal: 
2025-10-26 02:47:42 - INFO - User 'gustavo' - DETECTION_STARTED_CAMERA_3_TYPE_Torta Normal_BACKEND_DirectML: 
2025-10-26 02:49:24 - INFO - User 'gustavo' - LOGOUT_REQUESTED: 
2025-10-26 02:49:24 - INFO - User 'gustavo' - LOGOUT_COMPLETED: 
2025-10-26 02:55:21 - INFO - User 'gustavo' - LOGIN_SUCCESS: 
2025-10-26 02:55:21 - INFO - User 'gustavo' - LOGIN_SUCCESS: 
2025-10-26 02:56:15 - INFO - User 'gustavo' - START_DETECTION_REQUESTED: Cam=3, Type=Torta Normal: 
2025-10-26 02:56:15 - INFO - User 'gustavo' - DETECTION_STARTED_CAMERA_3_TYPE_Torta Normal_BACKEND_DirectML: 
2025-10-26 02:56:35 - INFO - User 'gustavo' - START_DETECTION_REQUESTED: Cam=3, Type=Torta Normal: 
2025-10-26 02:56:45 - INFO - User 'gustavo' - LOGOUT_REQUESTED: 
2025-10-26 02:56:45 - INFO - User 'gustavo' - LOGOUT_COMPLETED: 
2025-10-26 02:57:01 - INFO - User 'gustavo' - LOGIN_SUCCESS: 
2025-10-26 02:57:01 - INFO - User 'gustavo' - LOGIN_SUCCESS: 
2025-10-26 02:57:06 - INFO - User 'gustavo' - START_DETECTION_REQUESTED: Cam=3, Type=Torta Normal: 
2025-10-26 02:57:06 - INFO - User 'gustavo' - DETECTION_STARTED_CAMERA_3_TYPE_Torta Normal_BACKEND_DirectML: 
2025-10-26 02:58:01 - INFO - User 'gustavo' - START_DETECTION_REQUESTED: Cam=3, Type=Torta Normal: 
2025-10-26 02:58:01 - INFO - User 'gustavo' - DETECTION_STARTED_CAMERA_3_TYPE_Torta Normal_BACKEND_DirectML: 
2025-10-26 02:58:40 - INFO - User 'gustavo' - LOGOUT_REQUESTED: 
2025-10-26 02:58:40 - INFO - User 'gustavo' - LOGOUT_COMPLETED: 
2025-10-26 02:58:57 - INFO - User 'gustavo' - LOGIN_SUCCESS: 
2025-10-26 02:58:57 - INFO - User 'gustavo' - LOGIN_SUCCESS: 
2025-10-26 02:59:12 - INFO - User 'gustavo' - START_DETECTION_REQUESTED: Cam=3, Type=Torta Normal: 
2025-10-26 02:59:12 - INFO - User 'gustavo' - DETECTION_STARTED_CAMERA_3_TYPE_Torta Normal_BACKEND_DirectML: 
2025-10-26 03:04:36 - INFO - User 'gustavo' - LOGIN_SUCCESS: 
2025-10-26 03:04:36 - INFO - User 'gustavo' - LOGIN_SUCCESS: 
2025-10-26 03:04:56 - INFO - User 'gustavo' - START_DETECTION_REQUESTED: Cam=3, Type=Torta Moída: 
2025-10-26 03:04:56 - INFO - User 'gustavo' - DETECTION_STARTED_CAMERA_3_TYPE_Torta Moída_BACKEND_OpenVINO: 
2025-10-26 03:05:32 - INFO - User 'gustavo' - START_DETECTION_REQUESTED: Cam=3, Type=Torta Moída: 
2025-10-26 03:05:32 - INFO - User 'gustavo' - DETECTION_STARTED_CAMERA_3_TYPE_Torta Moída_BACKEND_DirectML: 
2025-10-26 03:11:03 - INFO - User 'gustavo' - LOGIN_SUCCESS: 
2025-10-26 03:11:03 - INFO - User 'gustavo' - LOGIN_SUCCESS: 
2025-10-26 03:11:08 - INFO - User 'gustavo' - START_DETECTION_REQUESTED: Cam=3, Type=Torta Normal: 
2025-10-26 03:11:08 - INFO - User 'gustavo' - DETECTION_STARTED_CAMERA_3_TYPE_Torta Normal_BACKEND_DirectML: 
2025-10-26 03:12:35 - INFO - User 'gustavo' - START_DETECTION_REQUESTED: Cam=4, Type=Torta Normal: 
2025-10-26 03:12:46 - INFO - User 'gustavo' - LOGOUT_REQUESTED: 
2025-10-26 03:12:46 - INFO - User 'gustavo' - LOGOUT_COMPLETED: 
2025-10-26 03:17:44 - INFO - User 'gustavo' - LOGIN_SUCCESS: 
2025-10-26 03:17:44 - INFO - User 'gustavo' - LOGIN_SUCCESS: 
2025-10-26 03:17:48 - INFO - User 'gustavo' - START_DETECTION_REQUESTED: Cam=4, Type=Torta Normal: 
2025-10-26 03:17:48 - INFO - User 'gustavo' - DETECTION_STARTED_CAMERA_4_TYPE_Torta Normal_BACKEND_DirectML: 
2025-10-26 03:18:04 - INFO - User 'gustavo' - LOGOUT_REQUESTED: 
2025-10-26 03:18:04 - INFO - User 'gustavo' - LOGOUT_COMPLETED: 
2025-10-26 12:52:04 - INFO - User 'gustavo' - LOGIN_SUCCESS: 
2025-10-26 12:52:04 - INFO - User 'gustavo' - LOGIN_SUCCESS: 
2025-10-26 12:55:31 - INFO - User 'gustavo' - LOGIN_SUCCESS: 
2025-10-26 12:55:31 - INFO - User 'gustavo' - LOGIN_SUCCESS: 
2025-10-26 13:00:57 - INFO - User 'gustavo' - START_DETECTION_REQUESTED: Cam=1, Type=Torta Normal: 
2025-10-26 13:01:11 - INFO - User 'gustavo' - START_DETECTION_REQUESTED: Cam=1, Type=Torta Normal: 
2025-10-26 13:09:12 - INFO - User 'gustavo' - LOGIN_SUCCESS: 
2025-10-26 13:09:12 - INFO - User 'gustavo' - LOGIN_SUCCESS: 
2025-10-26 13:09:23 - INFO - User 'gustavo' - START_DETECTION_REQUESTED: Cam=1, Type=Torta Normal: 
2025-10-26 13:09:23 - INFO - User 'gustavo' - DETECTION_STARTED_CAMERA_1_TYPE_Torta Normal_BACKEND_DirectML: 
2025-10-26 13:09:38 - INFO - User 'gustavo' - START_DETECTION_REQUESTED: Cam=1, Type=Torta Normal: 
2025-10-26 13:10:30 - INFO - User 'gustavo' - START_DETECTION_REQUESTED: Cam=1, Type=Torta Normal: 
2025-10-26 13:10:30 - INFO - User 'gustavo' - DETECTION_STARTED_CAMERA_1_TYPE_Torta Normal_BACKEND_DirectML: 
2025-10-26 13:11:26 - INFO - User 'gustavo' - LOGOUT_REQUESTED: 
2025-10-26 13:11:26 - INFO - User 'gustavo' - LOGOUT_COMPLETED: 
2025-10-26 13:11:41 - INFO - User 'gustavo' - LOGIN_SUCCESS: 
2025-10-26 13:11:41 - INFO - User 'gustavo' - LOGIN_SUCCESS: 
2025-10-26 13:12:14 - INFO - User 'gustavo' - START_DETECTION_REQUESTED: Cam=0, Type=Torta Normal: 
2025-10-26 13:12:14 - INFO - User 'gustavo' - DETECTION_STARTED_CAMERA_0_TYPE_Torta Normal_BACKEND_DirectML: 
2025-10-26 13:13:15 - INFO - User 'gustavo' - START_DETECTION_REQUESTED: Cam=1, Type=Torta Normal: 
2025-10-26 13:13:15 - INFO - User 'gustavo' - DETECTION_STARTED_CAMERA_1_TYPE_Torta Normal_BACKEND_OpenVINO: 
2025-10-26 13:33:18 - INFO - User 'gustavo' - LOGIN_SUCCESS: 
2025-10-26 13:33:18 - INFO - User 'gustavo' - LOGIN_SUCCESS: 
2025-10-26 13:37:04 - INFO - User 'gustavo' - START_DETECTION_REQUESTED: Cam=0, Type=Torta Normal: 
2025-10-26 13:37:04 - INFO - User 'gustavo' - DETECTION_STARTED_CAMERA_0_TYPE_Torta Normal_BACKEND_OpenVINO: 
2025-10-26 13:37:43 - INFO - User 'gustavo' - START_DETECTION_REQUESTED: Cam=0, Type=Torta Normal: 
2025-10-26 13:37:43 - INFO - User 'gustavo' - DETECTION_STARTED_CAMERA_0_TYPE_Torta Normal_BACKEND_OpenVINO: 
2025-10-26 13:42:48 - INFO - User 'gustavo' - LOGIN_SUCCESS: 
2025-10-26 13:42:48 - INFO - User 'gustavo' - LOGIN_SUCCESS: 
2025-10-26 13:46:32 - INFO - User 'gustavo' - START_DETECTION_REQUESTED: Cam=2, Type=Torta Normal: 
2025-10-26 13:46:32 - INFO - User 'gustavo' - DETECTION_STARTED_CAMERA_2_TYPE_Torta Normal_BACKEND_OpenVINO: 
2025-10-26 13:49:14 - INFO - User 'gustavo' - LOGOUT_REQUESTED: 
2025-10-26 13:49:14 - INFO - User 'gustavo' - LOGOUT_COMPLETED: 
