2025-10-24 00:22:23 - INFO - System - TEST_EVENT: Teste do sistema de logging
2025-10-24 00:50:18 - INFO - System - MODEL_LOADED: Modelo: modelos/best.pt
2025-10-24 00:50:18 - INFO - System - APP_CONTROLLER_INITIALIZED: 
2025-10-24 00:50:18 - INFO - System - APP_INITIALIZED: Aplicação iniciada com sucesso
2025-10-24 00:50:18 - INFO - System - APP_STARTING: Iniciando loop principal da aplicação
2025-10-24 00:51:33 - INFO - System - MODEL_LOADED: Modelo: modelos/best.pt
2025-10-24 00:51:33 - INFO - System - APP_CONTROLLER_INITIALIZED: 
2025-10-24 00:51:33 - INFO - System - APP_INITIALIZED: Aplicação iniciada com sucesso
2025-10-24 00:51:33 - INFO - System - APP_STARTING: Iniciando loop principal da aplicação
2025-10-24 00:52:37 - INFO - System - APP_CLOSING: Aplicação sendo encerrada
2025-10-24 00:52:37 - INFO - System - APP_SHUTDOWN: 
2025-10-24 00:52:37 - INFO - System - APP_SHUTDOWN: 
2025-10-24 00:52:37 - INFO - System - APP_CLOSED: Aplicação encerrada com sucesso
2025-10-24 00:52:37 - INFO - System - APP_CLOSED: Aplicação encerrada com sucesso
2025-10-24 00:52:58 - INFO - System - MODEL_LOADED: Modelo: modelos/best.pt
2025-10-24 00:52:58 - INFO - System - APP_CONTROLLER_INITIALIZED: 
2025-10-24 00:52:58 - INFO - System - APP_INITIALIZED: Aplicação iniciada com sucesso
2025-10-24 00:52:58 - INFO - System - APP_STARTING: Iniciando loop principal da aplicação
2025-10-24 00:53:48 - INFO - System - APP_CLOSING: Aplicação sendo encerrada
2025-10-24 00:53:48 - INFO - System - APP_SHUTDOWN: 
2025-10-24 00:53:48 - INFO - System - APP_CLOSED: Aplicação encerrada com sucesso
2025-10-24 00:54:00 - INFO - System - MODEL_LOADED: Modelo: modelos/best.pt
2025-10-24 00:54:00 - INFO - System - APP_CONTROLLER_INITIALIZED: 
2025-10-24 00:54:01 - INFO - System - APP_INITIALIZED: Aplicação iniciada com sucesso
2025-10-24 00:54:01 - INFO - System - APP_STARTING: Iniciando loop principal da aplicação
2025-10-24 00:54:26 - INFO - System - APP_CLOSING: Aplicação sendo encerrada
2025-10-24 00:54:26 - INFO - System - APP_SHUTDOWN: 
2025-10-24 00:54:26 - INFO - System - APP_CLOSED: Aplicação encerrada com sucesso
2025-10-24 00:54:32 - INFO - System - MODEL_LOADED: Modelo: modelos/best.pt
2025-10-24 00:54:32 - INFO - System - APP_CONTROLLER_INITIALIZED: 
2025-10-24 00:54:33 - INFO - System - APP_INITIALIZED: Aplicação iniciada com sucesso
2025-10-24 00:54:33 - INFO - System - APP_STARTING: Iniciando loop principal da aplicação
2025-10-24 00:56:11 - INFO - System - MODEL_LOADED: Modelo: modelos/best.pt
2025-10-24 00:56:11 - INFO - System - APP_CONTROLLER_INITIALIZED: 
2025-10-24 00:56:11 - INFO - System - APP_INITIALIZED: Aplicação iniciada com sucesso
2025-10-24 00:56:11 - INFO - System - APP_STARTING: Iniciando loop principal da aplicação
2025-10-24 00:57:32 - INFO - System - APP_CLOSING: Aplicação sendo encerrada
2025-10-24 00:57:32 - INFO - System - APP_SHUTDOWN: 
2025-10-24 00:57:32 - INFO - System - APP_CLOSED: Aplicação encerrada com sucesso
2025-10-24 00:57:59 - INFO - System - APP_CLOSING: Aplicação sendo encerrada
2025-10-24 00:57:59 - INFO - System - APP_SHUTDOWN: 
2025-10-24 00:57:59 - INFO - System - APP_CLOSED: Aplicação encerrada com sucesso
2025-10-24 21:16:10 - INFO - System - TEST_EVENT: Teste do sistema de logging
2025-10-24 21:17:02 - INFO - System - MODEL_LOADED: Modelo: modelos/best.pt
2025-10-24 21:17:02 - INFO - System - APP_CONTROLLER_INITIALIZED: 
2025-10-24 21:17:02 - INFO - System - APP_INITIALIZED: Aplicação iniciada com sucesso
2025-10-24 21:17:02 - INFO - System - APP_STARTING: Iniciando loop principal da aplicação
2025-10-24 21:17:25 - INFO - System - APP_INTERRUPTED: Aplicação interrompida pelo usuário
